<?xml version="1.0" encoding="UTF-8"?>
<testsuite name="com.algo.inc.web.repository.BoardRepositoryTest" tests="1" skipped="0" failures="0" errors="0" timestamp="2020-06-21T13:30:40" hostname="Sanghyunui-iMac.local" time="0.348">
  <properties/>
  <testcase name="BaseTimeEntity_등록" classname="com.algo.inc.web.repository.BoardRepositoryTest" time="0.348"/>
  <system-out><![CDATA[22:30:37.605 [Test worker] DEBUG org.springframework.test.context.junit4.SpringJUnit4ClassRunner - SpringJUnit4ClassRunner constructor called with [class com.algo.inc.web.repository.BoardRepositoryTest]
22:30:37.611 [Test worker] DEBUG org.springframework.test.context.BootstrapUtils - Instantiating CacheAwareContextLoaderDelegate from class [org.springframework.test.context.cache.DefaultCacheAwareContextLoaderDelegate]
22:30:37.617 [Test worker] DEBUG org.springframework.test.context.BootstrapUtils - Instantiating BootstrapContext using constructor [public org.springframework.test.context.support.DefaultBootstrapContext(java.lang.Class,org.springframework.test.context.CacheAwareContextLoaderDelegate)]
22:30:37.630 [Test worker] DEBUG org.springframework.test.context.BootstrapUtils - Instantiating TestContextBootstrapper for test class [com.algo.inc.web.repository.BoardRepositoryTest] from class [org.springframework.boot.test.context.SpringBootTestContextBootstrapper]
22:30:37.638 [Test worker] INFO org.springframework.boot.test.context.SpringBootTestContextBootstrapper - Neither @ContextConfiguration nor @ContextHierarchy found for test class [com.algo.inc.web.repository.BoardRepositoryTest], using SpringBootContextLoader
22:30:37.640 [Test worker] DEBUG org.springframework.test.context.support.AbstractContextLoader - Did not detect default resource location for test class [com.algo.inc.web.repository.BoardRepositoryTest]: class path resource [com/algo/inc/web/repository/BoardRepositoryTest-context.xml] does not exist
22:30:37.641 [Test worker] DEBUG org.springframework.test.context.support.AbstractContextLoader - Did not detect default resource location for test class [com.algo.inc.web.repository.BoardRepositoryTest]: class path resource [com/algo/inc/web/repository/BoardRepositoryTestContext.groovy] does not exist
22:30:37.641 [Test worker] INFO org.springframework.test.context.support.AbstractContextLoader - Could not detect default resource locations for test class [com.algo.inc.web.repository.BoardRepositoryTest]: no resource found for suffixes {-context.xml, Context.groovy}.
22:30:37.641 [Test worker] INFO org.springframework.test.context.support.AnnotationConfigContextLoaderUtils - Could not detect default configuration classes for test class [com.algo.inc.web.repository.BoardRepositoryTest]: BoardRepositoryTest does not declare any static, non-private, non-final, nested classes annotated with @Configuration.
22:30:37.668 [Test worker] DEBUG org.springframework.test.context.support.ActiveProfilesUtils - Could not find an 'annotation declaring class' for annotation type [org.springframework.test.context.ActiveProfiles] and class [com.algo.inc.web.repository.BoardRepositoryTest]
22:30:37.721 [Test worker] DEBUG org.springframework.context.annotation.ClassPathScanningCandidateComponentProvider - Identified candidate component class: file [/Users/sanghyunyun/Documents/boards/build/classes/java/main/com/algo/inc/Application.class]
22:30:37.722 [Test worker] INFO org.springframework.boot.test.context.SpringBootTestContextBootstrapper - Found @SpringBootConfiguration com.algo.inc.Application for test class com.algo.inc.web.repository.BoardRepositoryTest
22:30:37.795 [Test worker] DEBUG org.springframework.boot.test.context.SpringBootTestContextBootstrapper - @TestExecutionListeners is not present for class [com.algo.inc.web.repository.BoardRepositoryTest]: using defaults.
22:30:37.795 [Test worker] INFO org.springframework.boot.test.context.SpringBootTestContextBootstrapper - Loaded default TestExecutionListener class names from location [META-INF/spring.factories]: [org.springframework.boot.test.autoconfigure.restdocs.RestDocsTestExecutionListener, org.springframework.boot.test.autoconfigure.web.client.MockRestServiceServerResetTestExecutionListener, org.springframework.boot.test.autoconfigure.web.servlet.MockMvcPrintOnlyOnFailureTestExecutionListener, org.springframework.boot.test.autoconfigure.web.servlet.WebDriverTestExecutionListener, org.springframework.boot.test.mock.mockito.MockitoTestExecutionListener, org.springframework.boot.test.mock.mockito.ResetMocksTestExecutionListener, org.springframework.test.context.web.ServletTestExecutionListener, org.springframework.test.context.support.DirtiesContextBeforeModesTestExecutionListener, org.springframework.test.context.support.DependencyInjectionTestExecutionListener, org.springframework.test.context.support.DirtiesContextTestExecutionListener, org.springframework.test.context.transaction.TransactionalTestExecutionListener, org.springframework.test.context.jdbc.SqlScriptsTestExecutionListener]
22:30:37.808 [Test worker] INFO org.springframework.boot.test.context.SpringBootTestContextBootstrapper - Using TestExecutionListeners: [org.springframework.test.context.web.ServletTestExecutionListener@171cdb69, org.springframework.test.context.support.DirtiesContextBeforeModesTestExecutionListener@636a709c, org.springframework.boot.test.mock.mockito.MockitoTestExecutionListener@7ad02259, org.springframework.boot.test.autoconfigure.SpringBootDependencyInjectionTestExecutionListener@5acc530c, org.springframework.test.context.support.DirtiesContextTestExecutionListener@2b7a0caf, org.springframework.test.context.transaction.TransactionalTestExecutionListener@1ba477cc, org.springframework.test.context.jdbc.SqlScriptsTestExecutionListener@601d5c0b, org.springframework.boot.test.autoconfigure.restdocs.RestDocsTestExecutionListener@58713737, org.springframework.boot.test.autoconfigure.web.client.MockRestServiceServerResetTestExecutionListener@239557e2, org.springframework.boot.test.autoconfigure.web.servlet.MockMvcPrintOnlyOnFailureTestExecutionListener@1bb74e4b, org.springframework.boot.test.autoconfigure.web.servlet.WebDriverTestExecutionListener@11c0a432, org.springframework.boot.test.mock.mockito.ResetMocksTestExecutionListener@40d9e1b2]
22:30:37.810 [Test worker] DEBUG org.springframework.test.annotation.ProfileValueUtils - Retrieved @ProfileValueSourceConfiguration [null] for test class [com.algo.inc.web.repository.BoardRepositoryTest]
22:30:37.811 [Test worker] DEBUG org.springframework.test.annotation.ProfileValueUtils - Retrieved ProfileValueSource type [class org.springframework.test.annotation.SystemProfileValueSource] for class [com.algo.inc.web.repository.BoardRepositoryTest]
22:30:37.813 [Test worker] DEBUG org.springframework.test.annotation.ProfileValueUtils - Retrieved @ProfileValueSourceConfiguration [null] for test class [com.algo.inc.web.repository.BoardRepositoryTest]
22:30:37.814 [Test worker] DEBUG org.springframework.test.annotation.ProfileValueUtils - Retrieved ProfileValueSource type [class org.springframework.test.annotation.SystemProfileValueSource] for class [com.algo.inc.web.repository.BoardRepositoryTest]
22:30:37.814 [Test worker] DEBUG org.springframework.test.annotation.ProfileValueUtils - Retrieved @ProfileValueSourceConfiguration [null] for test class [com.algo.inc.web.repository.BoardRepositoryTest]
22:30:37.814 [Test worker] DEBUG org.springframework.test.annotation.ProfileValueUtils - Retrieved ProfileValueSource type [class org.springframework.test.annotation.SystemProfileValueSource] for class [com.algo.inc.web.repository.BoardRepositoryTest]
22:30:37.817 [Test worker] DEBUG org.springframework.test.context.support.AbstractDirtiesContextTestExecutionListener - Before test class: context [DefaultTestContext@19dab61f testClass = BoardRepositoryTest, testInstance = [null], testMethod = [null], testException = [null], mergedContextConfiguration = [WebMergedContextConfiguration@1252e122 testClass = BoardRepositoryTest, locations = '{}', classes = '{class com.algo.inc.Application}', contextInitializerClasses = '[]', activeProfiles = '{}', propertySourceLocations = '{}', propertySourceProperties = '{org.springframework.boot.test.context.SpringBootTestContextBootstrapper=true}', contextCustomizers = set[org.springframework.boot.test.autoconfigure.properties.PropertyMappingContextCustomizer@0, org.springframework.boot.test.autoconfigure.web.servlet.WebDriverContextCustomizerFactory$Customizer@6ca5b2f9, org.springframework.boot.test.context.filter.ExcludeFilterContextCustomizer@1e55ff6f, org.springframework.boot.test.json.DuplicateJsonObjectContextCustomizerFactory$DuplicateJsonObjectContextCustomizer@e24aee5, org.springframework.boot.test.mock.mockito.MockitoContextCustomizer@0, org.springframework.boot.test.web.client.TestRestTemplateContextCustomizer@1ebb1146], resourceBasePath = 'src/main/webapp', contextLoader = 'org.springframework.boot.test.context.SpringBootContextLoader', parent = [null]], attributes = map['org.springframework.test.context.web.ServletTestExecutionListener.activateListener' -> true]], class annotated with @DirtiesContext [false] with mode [null].
22:30:37.818 [Test worker] DEBUG org.springframework.test.annotation.ProfileValueUtils - Retrieved @ProfileValueSourceConfiguration [null] for test class [com.algo.inc.web.repository.BoardRepositoryTest]
22:30:37.818 [Test worker] DEBUG org.springframework.test.annotation.ProfileValueUtils - Retrieved ProfileValueSource type [class org.springframework.test.annotation.SystemProfileValueSource] for class [com.algo.inc.web.repository.BoardRepositoryTest]
22:30:37.838 [Test worker] DEBUG org.springframework.test.context.support.TestPropertySourceUtils - Adding inlined properties to environment: {spring.jmx.enabled=false, org.springframework.boot.test.context.SpringBootTestContextBootstrapper=true, server.port=-1}

  .   ____          _            __ _ _
 /\\ / ___'_ __ _ _(_)_ __  __ _ \ \ \ \
( ( )\___ | '_ | '_| | '_ \/ _` | \ \ \ \
 \\/  ___)| |_)| | | | | || (_| |  ) ) ) )
  '  |____| .__|_| |_|_| |_\__, | / / / /
 =========|_|==============|___/=/_/_/_/
 :: Spring Boot ::        (v2.1.7.RELEASE)

2020-06-21 22:30:37.979  INFO 2159 --- [    Test worker] c.a.i.w.repository.BoardRepositoryTest   : Starting BoardRepositoryTest on Sanghyunui-iMac.local with PID 2159 (started by sanghyunyun in /Users/sanghyunyun/Documents/boards)
2020-06-21 22:30:37.980  INFO 2159 --- [    Test worker] c.a.i.w.repository.BoardRepositoryTest   : No active profile set, falling back to default profiles: default
2020-06-21 22:30:38.398  INFO 2159 --- [    Test worker] .s.d.r.c.RepositoryConfigurationDelegate : Bootstrapping Spring Data repositories in DEFAULT mode.
2020-06-21 22:30:38.449  INFO 2159 --- [    Test worker] .s.d.r.c.RepositoryConfigurationDelegate : Finished Spring Data repository scanning in 44ms. Found 2 repository interfaces.
2020-06-21 22:30:38.736  INFO 2159 --- [    Test worker] trationDelegate$BeanPostProcessorChecker : Bean 'org.springframework.transaction.annotation.ProxyTransactionManagementConfiguration' of type [org.springframework.transaction.annotation.ProxyTransactionManagementConfiguration$$EnhancerBySpringCGLIB$$e8f5fd93] is not eligible for getting processed by all BeanPostProcessors (for example: not eligible for auto-proxying)
2020-06-21 22:30:38.903  INFO 2159 --- [    Test worker] com.zaxxer.hikari.HikariDataSource       : HikariPool-1 - Starting...
2020-06-21 22:30:39.176  INFO 2159 --- [    Test worker] com.zaxxer.hikari.HikariDataSource       : HikariPool-1 - Start completed.
2020-06-21 22:30:39.220  INFO 2159 --- [    Test worker] o.hibernate.jpa.internal.util.LogHelper  : HHH000204: Processing PersistenceUnitInfo [
	name: default
	...]
2020-06-21 22:30:39.267  INFO 2159 --- [    Test worker] org.hibernate.Version                    : HHH000412: Hibernate Core {5.3.10.Final}
2020-06-21 22:30:39.268  INFO 2159 --- [    Test worker] org.hibernate.cfg.Environment            : HHH000206: hibernate.properties not found
2020-06-21 22:30:39.382  INFO 2159 --- [    Test worker] o.hibernate.annotations.common.Version   : HCANN000001: Hibernate Commons Annotations {5.0.4.Final}
2020-06-21 22:30:39.491  INFO 2159 --- [    Test worker] org.hibernate.dialect.Dialect            : HHH000400: Using dialect: org.hibernate.dialect.MySQL5InnoDBDialect
2020-06-21 22:30:39.973  INFO 2159 --- [    Test worker] j.LocalContainerEntityManagerFactoryBean : Initialized JPA EntityManagerFactory for persistence unit 'default'
2020-06-21 22:30:40.600  INFO 2159 --- [    Test worker] o.s.s.concurrent.ThreadPoolTaskExecutor  : Initializing ExecutorService 'applicationTaskExecutor'
2020-06-21 22:30:40.640  WARN 2159 --- [    Test worker] aWebConfiguration$JpaWebMvcConfiguration : spring.jpa.open-in-view is enabled by default. Therefore, database queries may be performed during view rendering. Explicitly configure spring.jpa.open-in-view to disable this warning
2020-06-21 22:30:40.863  INFO 2159 --- [    Test worker] c.a.i.w.repository.BoardRepositoryTest   : Started BoardRepositoryTest in 3.019 seconds (JVM running for 3.679)
Hibernate: insert into board (chg_dt, reg_dt, content, title, writer) values (?, ?, ?, ?, ?)
2020-06-21 22:30:41.103  INFO 2159 --- [    Test worker] o.h.h.i.QueryTranslatorFactoryInitiator  : HHH000397: Using ASTQueryTranslatorFactory
Hibernate: select board0_.id as id1_0_, board0_.chg_dt as chg_dt2_0_, board0_.reg_dt as reg_dt3_0_, board0_.content as content4_0_, board0_.title as title5_0_, board0_.writer as writer6_0_ from board board0_
>>>>>>>>>>>>> createDate = 2020-06-21T22:30:41, modifiedDate = 2020-06-21T22:30:41
Hibernate: select board0_.id as id1_0_, board0_.chg_dt as chg_dt2_0_, board0_.reg_dt as reg_dt3_0_, board0_.content as content4_0_, board0_.title as title5_0_, board0_.writer as writer6_0_ from board board0_
Hibernate: delete from board where id=?
]]></system-out>
  <system-err><![CDATA[]]></system-err>
</testsuite>
